Settings:
  Output files: "resources/contaminant_index.*.bt2"
  Line rate: 6 (line is 64 bytes)
  Lines per side: 1 (side is 64 bytes)
  Offset rate: 4 (one in 16)
  FTable chars: 10
  Strings: unpacked
  Max bucket size: default
  Max bucket size, sqrt multiplier: default
  Max bucket size, len divisor: 4
  Difference-cover sample period: 1024
  Endianness: little
  Actual local endianness: little
  Sanity checking: disabled
  Assertions: disabled
  Random seed: 0
  Sizeofs: void*:8, int:4, long:8, size_t:8
Input files DNA, FASTA:
  resources/contaminants.fasta
Building a SMALL index
Reading reference sizes
  Time reading reference sizes: 00:00:00
Calculating joined length
Writing header
Reserving space for joined string
Joining reference sequences
  Time to join reference sequences: 00:00:00
bmax according to bmaxDivN setting: 178791
Using parameters --bmax 134094 --dcv 1024
  Doing ahead-of-time memory usage test
  Passed!  Constructing with these parameters: --bmax 134094 --dcv 1024
Constructing suffix-array element generator
Building DifferenceCoverSample
  Building sPrime
  Building sPrimeOrder
  V-Sorting samples
  V-Sorting samples time: 00:00:00
  Allocating rank array
  Ranking v-sort output
  Ranking v-sort output time: 00:00:00
  Invoking Larsson-Sadakane on ranks
  Invoking Larsson-Sadakane on ranks time: 00:00:00
  Sanity-checking and returning
Building samples
Reserving space for 12 sample suffixes
Generating random suffixes
QSorting 12 sample offsets, eliminating duplicates
QSorting sample offsets, eliminating duplicates time: 00:00:00
Multikey QSorting 12 samples
  (Using difference cover)
  Multikey QSorting samples time: 00:00:00
Calculating bucket sizes
Splitting and merging
  Splitting and merging time: 00:00:00
Split 1, merged 7; iterating...
Splitting and merging
  Splitting and merging time: 00:00:00
Avg bucket size: 102166 (target: 134093)
Converting suffix-array elements to index image
Allocating ftab, absorbFtab
Entering Ebwt loop
Getting block 1 of 7
  Reserving size (134094) for bucket 1
  Calculating Z arrays for bucket 1
  Entering block accumulator loop for bucket 1:
  bucket 1: 10%
  bucket 1: 20%
  bucket 1: 30%
  bucket 1: 40%
  bucket 1: 50%
  bucket 1: 60%
  bucket 1: 70%
  bucket 1: 80%
  bucket 1: 90%
  bucket 1: 100%
  Sorting block of length 102982 for bucket 1
  (Using difference cover)
  Sorting block time: 00:00:00
Returning block of 102983 for bucket 1
Getting block 2 of 7
  Reserving size (134094) for bucket 2
  Calculating Z arrays for bucket 2
  Entering block accumulator loop for bucket 2:
  bucket 2: 10%
  bucket 2: 20%
  bucket 2: 30%
  bucket 2: 40%
  bucket 2: 50%
  bucket 2: 60%
  bucket 2: 70%
  bucket 2: 80%
  bucket 2: 90%
  bucket 2: 100%
  Sorting block of length 32121 for bucket 2
  (Using difference cover)
  Sorting block time: 00:00:01
Returning block of 32122 for bucket 2
Getting block 3 of 7
  Reserving size (134094) for bucket 3
  Calculating Z arrays for bucket 3
  Entering block accumulator loop for bucket 3:
  bucket 3: 10%
  bucket 3: 20%
  bucket 3: 30%
  bucket 3: 40%
  bucket 3: 50%
  bucket 3: 60%
  bucket 3: 70%
  bucket 3: 80%
  bucket 3: 90%
  bucket 3: 100%
  Sorting block of length 121669 for bucket 3
  (Using difference cover)
  Sorting block time: 00:00:00
Returning block of 121670 for bucket 3
Getting block 4 of 7
  Reserving size (134094) for bucket 4
  Calculating Z arrays for bucket 4
  Entering block accumulator loop for bucket 4:
  bucket 4: 10%
  bucket 4: 20%
  bucket 4: 30%
  bucket 4: 40%
  bucket 4: 50%
  bucket 4: 60%
  bucket 4: 70%
  bucket 4: 80%
  bucket 4: 90%
  bucket 4: 100%
  Sorting block of length 85574 for bucket 4
  (Using difference cover)
  Sorting block time: 00:00:00
Returning block of 85575 for bucket 4
Getting block 5 of 7
  Reserving size (134094) for bucket 5
  Calculating Z arrays for bucket 5
  Entering block accumulator loop for bucket 5:
  bucket 5: 10%
  bucket 5: 20%
  bucket 5: 30%
  bucket 5: 40%
  bucket 5: 50%
  bucket 5: 60%
  bucket 5: 70%
  bucket 5: 80%
  bucket 5: 90%
  bucket 5: 100%
  Sorting block of length 128923 for bucket 5
  (Using difference cover)
  Sorting block time: 00:00:00
Returning block of 128924 for bucket 5
Getting block 6 of 7
  Reserving size (134094) for bucket 6
  Calculating Z arrays for bucket 6
  Entering block accumulator loop for bucket 6:
  bucket 6: 10%
  bucket 6: 20%
  bucket 6: 30%
  bucket 6: 40%
  bucket 6: 50%
  bucket 6: 60%
  bucket 6: 70%
  bucket 6: 80%
  bucket 6: 90%
  bucket 6: 100%
  Sorting block of length 126804 for bucket 6
  (Using difference cover)
  Sorting block time: 00:00:00
Returning block of 126805 for bucket 6
Getting block 7 of 7
  Reserving size (134094) for bucket 7
  Calculating Z arrays for bucket 7
  Entering block accumulator loop for bucket 7:
  bucket 7: 10%
  bucket 7: 20%
  bucket 7: 30%
  bucket 7: 40%
  bucket 7: 50%
  bucket 7: 60%
  bucket 7: 70%
  bucket 7: 80%
  bucket 7: 90%
  bucket 7: 100%
  Sorting block of length 117086 for bucket 7
  (Using difference cover)
  Sorting block time: 00:00:00
Returning block of 117087 for bucket 7
Exited Ebwt loop
fchr[A]: 0
fchr[C]: 262460
fchr[G]: 358819
fchr[T]: 455160
fchr[$]: 715165
Exiting Ebwt::buildToDisk()
Returning from initFromVector
Wrote 4432923 bytes to primary EBWT file: resources/contaminant_index.1.bt2.tmp
Wrote 178796 bytes to secondary EBWT file: resources/contaminant_index.2.bt2.tmp
Re-opening _in1 and _in2 as input streams
Returning from Ebwt constructor
Headers:
    len: 715165
    bwtLen: 715166
    sz: 178792
    bwtSz: 178792
    lineRate: 6
    offRate: 4
    offMask: 0xfffffff0
    ftabChars: 10
    eftabLen: 20
    eftabSz: 80
    ftabLen: 1048577
    ftabSz: 4194308
    offsLen: 44698
    offsSz: 178792
    lineSz: 64
    sideSz: 64
    sideBwtSz: 48
    sideBwtLen: 192
    numSides: 3725
    numLines: 3725
    ebwtTotLen: 238400
    ebwtTotSz: 238400
    color: 0
    reverse: 0
Total time for call to driver() for forward index: 00:00:01
Reading reference sizes
  Time reading reference sizes: 00:00:00
Calculating joined length
Writing header
Reserving space for joined string
Joining reference sequences
  Time to join reference sequences: 00:00:00
  Time to reverse reference sequence: 00:00:00
bmax according to bmaxDivN setting: 178791
Using parameters --bmax 134094 --dcv 1024
  Doing ahead-of-time memory usage test
  Passed!  Constructing with these parameters: --bmax 134094 --dcv 1024
Constructing suffix-array element generator
Building DifferenceCoverSample
  Building sPrime
  Building sPrimeOrder
  V-Sorting samples
  V-Sorting samples time: 00:00:00
  Allocating rank array
  Ranking v-sort output
  Ranking v-sort output time: 00:00:00
  Invoking Larsson-Sadakane on ranks
  Invoking Larsson-Sadakane on ranks time: 00:00:00
  Sanity-checking and returning
Building samples
Reserving space for 12 sample suffixes
Generating random suffixes
QSorting 12 sample offsets, eliminating duplicates
QSorting sample offsets, eliminating duplicates time: 00:00:00
Multikey QSorting 12 samples
  (Using difference cover)
  Multikey QSorting samples time: 00:00:00
Calculating bucket sizes
Splitting and merging
  Splitting and merging time: 00:00:00
Split 2, merged 7; iterating...
Splitting and merging
  Splitting and merging time: 00:00:00
Split 1, merged 1; iterating...
Splitting and merging
  Splitting and merging time: 00:00:00
Split 1, merged 1; iterating...
Splitting and merging
  Splitting and merging time: 00:00:00
Avg bucket size: 102166 (target: 134093)
Converting suffix-array elements to index image
Allocating ftab, absorbFtab
Entering Ebwt loop
Getting block 1 of 7
  Reserving size (134094) for bucket 1
  Calculating Z arrays for bucket 1
  Entering block accumulator loop for bucket 1:
  bucket 1: 10%
  bucket 1: 20%
  bucket 1: 30%
  bucket 1: 40%
  bucket 1: 50%
  bucket 1: 60%
  bucket 1: 70%
  bucket 1: 80%
  bucket 1: 90%
  bucket 1: 100%
  Sorting block of length 115977 for bucket 1
  (Using difference cover)
  Sorting block time: 00:00:00
Returning block of 115978 for bucket 1
Getting block 2 of 7
  Reserving size (134094) for bucket 2
  Calculating Z arrays for bucket 2
  Entering block accumulator loop for bucket 2:
  bucket 2: 10%
  bucket 2: 20%
  bucket 2: 30%
  bucket 2: 40%
  bucket 2: 50%
  bucket 2: 60%
  bucket 2: 70%
  bucket 2: 80%
  bucket 2: 90%
  bucket 2: 100%
  Sorting block of length 114910 for bucket 2
  (Using difference cover)
  Sorting block time: 00:00:00
Returning block of 114911 for bucket 2
Getting block 3 of 7
  Reserving size (134094) for bucket 3
  Calculating Z arrays for bucket 3
  Entering block accumulator loop for bucket 3:
  bucket 3: 10%
  bucket 3: 20%
  bucket 3: 30%
  bucket 3: 40%
  bucket 3: 50%
  bucket 3: 60%
  bucket 3: 70%
  bucket 3: 80%
  bucket 3: 90%
  bucket 3: 100%
  Sorting block of length 127447 for bucket 3
  (Using difference cover)
  Sorting block time: 00:00:00
Returning block of 127448 for bucket 3
Getting block 4 of 7
  Reserving size (134094) for bucket 4
  Calculating Z arrays for bucket 4
  Entering block accumulator loop for bucket 4:
  bucket 4: 10%
  bucket 4: 20%
  bucket 4: 30%
  bucket 4: 40%
  bucket 4: 50%
  bucket 4: 60%
  bucket 4: 70%
  bucket 4: 80%
  bucket 4: 90%
  bucket 4: 100%
  Sorting block of length 117888 for bucket 4
  (Using difference cover)
  Sorting block time: 00:00:00
Returning block of 117889 for bucket 4
Getting block 5 of 7
  Reserving size (134094) for bucket 5
  Calculating Z arrays for bucket 5
  Entering block accumulator loop for bucket 5:
  bucket 5: 10%
  bucket 5: 20%
  bucket 5: 30%
  bucket 5: 40%
  bucket 5: 50%
  bucket 5: 60%
  bucket 5: 70%
  bucket 5: 80%
  bucket 5: 90%
  bucket 5: 100%
  Sorting block of length 83951 for bucket 5
  (Using difference cover)
  Sorting block time: 00:00:00
Returning block of 83952 for bucket 5
Getting block 6 of 7
  Reserving size (134094) for bucket 6
  Calculating Z arrays for bucket 6
  Entering block accumulator loop for bucket 6:
  bucket 6: 10%
  bucket 6: 20%
  bucket 6: 30%
  bucket 6: 40%
  bucket 6: 50%
  bucket 6: 60%
  bucket 6: 70%
  bucket 6: 80%
  bucket 6: 90%
  bucket 6: 100%
  Sorting block of length 61884 for bucket 6
  (Using difference cover)
  Sorting block time: 00:00:00
Returning block of 61885 for bucket 6
Getting block 7 of 7
  Reserving size (134094) for bucket 7
  Calculating Z arrays for bucket 7
  Entering block accumulator loop for bucket 7:
  bucket 7: 10%
  bucket 7: 20%
  bucket 7: 30%
  bucket 7: 40%
  bucket 7: 50%
  bucket 7: 60%
  bucket 7: 70%
  bucket 7: 80%
  bucket 7: 90%
  bucket 7: 100%
  Sorting block of length 93102 for bucket 7
  (Using difference cover)
  Sorting block time: 00:00:00
Returning block of 93103 for bucket 7
Exited Ebwt loop
fchr[A]: 0
fchr[C]: 262460
fchr[G]: 358819
fchr[T]: 455160
fchr[$]: 715165
Exiting Ebwt::buildToDisk()
Returning from initFromVector
Wrote 4432923 bytes to primary EBWT file: resources/contaminant_index.rev.1.bt2.tmp
Wrote 178796 bytes to secondary EBWT file: resources/contaminant_index.rev.2.bt2.tmp
Re-opening _in1 and _in2 as input streams
Returning from Ebwt constructor
Headers:
    len: 715165
    bwtLen: 715166
    sz: 178792
    bwtSz: 178792
    lineRate: 6
    offRate: 4
    offMask: 0xfffffff0
    ftabChars: 10
    eftabLen: 20
    eftabSz: 80
    ftabLen: 1048577
    ftabSz: 4194308
    offsLen: 44698
    offsSz: 178792
    lineSz: 64
    sideSz: 64
    sideBwtSz: 48
    sideBwtLen: 192
    numSides: 3725
    numLines: 3725
    ebwtTotLen: 238400
    ebwtTotSz: 238400
    color: 0
    reverse: 1
Total time for backward call to driver() for mirror index: 00:00:00
Renaming resources/contaminant_index.3.bt2.tmp to resources/contaminant_index.3.bt2
Renaming resources/contaminant_index.4.bt2.tmp to resources/contaminant_index.4.bt2
Renaming resources/contaminant_index.1.bt2.tmp to resources/contaminant_index.1.bt2
Renaming resources/contaminant_index.2.bt2.tmp to resources/contaminant_index.2.bt2
Renaming resources/contaminant_index.rev.1.bt2.tmp to resources/contaminant_index.rev.1.bt2
Renaming resources/contaminant_index.rev.2.bt2.tmp to resources/contaminant_index.rev.2.bt2
